<?xml version="1.0" encoding="UTF-8"?>
<!-- Generated by org.testng.reporters.JUnitReportReporter -->
<testsuite hostname="dalvanir" failures="0" tests="1" name="com.google.AppTest" time="0.008" errors="0" timestamp="2022-10-24T19:06:20 BRT" skipped="0">
  <testcase classname="com.google.AppTest" name="AcessGoole" time="0.008"/>
  <system-out/>
</testsuite> <!-- com.google.AppTest -->
